2018-01-15 21:31:20,460 - resultMetrics - INFO - new best genes, id = 0, age = 0
2018-01-15 21:31:20,460 - resultMetrics - INFO - _________________________________________________________________
2018-01-15 21:31:20,460 - resultMetrics - INFO - Layer (type)                 Output Shape              Param #   
2018-01-15 21:31:20,460 - resultMetrics - INFO - =================================================================
2018-01-15 21:31:20,461 - resultMetrics - INFO - conv2d_1 (Conv2D)            (None, 27, 27, 16)        80        
2018-01-15 21:31:20,461 - resultMetrics - INFO - _________________________________________________________________
2018-01-15 21:31:20,461 - resultMetrics - INFO - max_pooling2d_1 (MaxPooling2 (None, 13, 13, 16)        0         
2018-01-15 21:31:20,461 - resultMetrics - INFO - _________________________________________________________________
2018-01-15 21:31:20,461 - resultMetrics - INFO - flatten_1 (Flatten)          (None, 2704)              0         
2018-01-15 21:31:20,462 - resultMetrics - INFO - _________________________________________________________________
2018-01-15 21:31:20,462 - resultMetrics - INFO - dense_1 (Dense)              (None, 32)                86560     
2018-01-15 21:31:20,462 - resultMetrics - INFO - _________________________________________________________________
2018-01-15 21:31:20,462 - resultMetrics - INFO - dropout_1 (Dropout)          (None, 32)                0         
2018-01-15 21:31:20,462 - resultMetrics - INFO - _________________________________________________________________
2018-01-15 21:31:20,463 - resultMetrics - INFO - dense_2 (Dense)              (None, 10)                330       
2018-01-15 21:31:20,463 - resultMetrics - INFO - =================================================================
2018-01-15 21:31:20,463 - resultMetrics - INFO - Total params: 86,970
2018-01-15 21:31:20,463 - resultMetrics - INFO - Trainable params: 86,970
2018-01-15 21:31:20,463 - resultMetrics - INFO - Non-trainable params: 0
2018-01-15 21:31:20,464 - resultMetrics - INFO - _________________________________________________________________
2018-01-15 21:31:20,464 - resultMetrics - INFO - Fitness: 0.966103	Accuracy: 0.974800	Parameters 86970

2018-01-15 21:38:38,865 - resultMetrics - INFO - new best genes, id = 14, age = 0
2018-01-15 21:38:38,865 - resultMetrics - INFO - _________________________________________________________________
2018-01-15 21:38:38,865 - resultMetrics - INFO - Layer (type)                 Output Shape              Param #   
2018-01-15 21:38:38,865 - resultMetrics - INFO - =================================================================
2018-01-15 21:38:38,865 - resultMetrics - INFO - conv2d_38 (Conv2D)           (None, 27, 27, 16)        80        
2018-01-15 21:38:38,866 - resultMetrics - INFO - _________________________________________________________________
2018-01-15 21:38:38,866 - resultMetrics - INFO - max_pooling2d_22 (MaxPooling (None, 13, 13, 16)        0         
2018-01-15 21:38:38,866 - resultMetrics - INFO - _________________________________________________________________
2018-01-15 21:38:38,866 - resultMetrics - INFO - conv2d_39 (Conv2D)           (None, 12, 12, 128)       8320      
2018-01-15 21:38:38,866 - resultMetrics - INFO - _________________________________________________________________
2018-01-15 21:38:38,866 - resultMetrics - INFO - average_pooling2d_17 (Averag (None, 6, 6, 128)         0         
2018-01-15 21:38:38,867 - resultMetrics - INFO - _________________________________________________________________
2018-01-15 21:38:38,867 - resultMetrics - INFO - flatten_15 (Flatten)         (None, 4608)              0         
2018-01-15 21:38:38,867 - resultMetrics - INFO - _________________________________________________________________
2018-01-15 21:38:38,867 - resultMetrics - INFO - dense_34 (Dense)             (None, 10)                46090     
2018-01-15 21:38:38,867 - resultMetrics - INFO - =================================================================
2018-01-15 21:38:38,868 - resultMetrics - INFO - Total params: 54,490
2018-01-15 21:38:38,868 - resultMetrics - INFO - Trainable params: 54,490
2018-01-15 21:38:38,868 - resultMetrics - INFO - Non-trainable params: 0
2018-01-15 21:38:38,868 - resultMetrics - INFO - _________________________________________________________________
2018-01-15 21:38:38,868 - resultMetrics - INFO - Fitness: 0.979751	Accuracy: 0.985200	Parameters 54490

2018-01-15 21:39:39,174 - resultMetrics - INFO - new best genes, id = 17, age = 0
2018-01-15 21:39:39,174 - resultMetrics - INFO - _________________________________________________________________
2018-01-15 21:39:39,174 - resultMetrics - INFO - Layer (type)                 Output Shape              Param #   
2018-01-15 21:39:39,174 - resultMetrics - INFO - =================================================================
2018-01-15 21:39:39,174 - resultMetrics - INFO - conv2d_44 (Conv2D)           (None, 27, 27, 16)        80        
2018-01-15 21:39:39,174 - resultMetrics - INFO - _________________________________________________________________
2018-01-15 21:39:39,175 - resultMetrics - INFO - max_pooling2d_25 (MaxPooling (None, 13, 13, 16)        0         
2018-01-15 21:39:39,175 - resultMetrics - INFO - _________________________________________________________________
2018-01-15 21:39:39,175 - resultMetrics - INFO - conv2d_45 (Conv2D)           (None, 12, 12, 128)       8320      
2018-01-15 21:39:39,175 - resultMetrics - INFO - _________________________________________________________________
2018-01-15 21:39:39,175 - resultMetrics - INFO - average_pooling2d_20 (Averag (None, 6, 6, 128)         0         
2018-01-15 21:39:39,175 - resultMetrics - INFO - _________________________________________________________________
2018-01-15 21:39:39,176 - resultMetrics - INFO - flatten_18 (Flatten)         (None, 4608)              0         
2018-01-15 21:39:39,176 - resultMetrics - INFO - _________________________________________________________________
2018-01-15 21:39:39,176 - resultMetrics - INFO - dense_37 (Dense)             (None, 10)                46090     
2018-01-15 21:39:39,176 - resultMetrics - INFO - =================================================================
2018-01-15 21:39:39,176 - resultMetrics - INFO - Total params: 54,490
2018-01-15 21:39:39,177 - resultMetrics - INFO - Trainable params: 54,490
2018-01-15 21:39:39,177 - resultMetrics - INFO - Non-trainable params: 0
2018-01-15 21:39:39,177 - resultMetrics - INFO - _________________________________________________________________
2018-01-15 21:39:39,177 - resultMetrics - INFO - Fitness: 0.980151	Accuracy: 0.985600	Parameters 54490

2018-01-16 04:43:45,550 - resultMetrics - INFO - new best genes, id = 471, age = 0
2018-01-16 04:43:45,560 - resultMetrics - INFO - _________________________________________________________________
2018-01-16 04:43:45,560 - resultMetrics - INFO - Layer (type)                 Output Shape              Param #   
2018-01-16 04:43:45,561 - resultMetrics - INFO - =================================================================
2018-01-16 04:43:45,561 - resultMetrics - INFO - conv2d_717 (Conv2D)          (None, 26, 26, 64)        640       
2018-01-16 04:43:45,561 - resultMetrics - INFO - _________________________________________________________________
2018-01-16 04:43:45,561 - resultMetrics - INFO - average_pooling2d_292 (Avera (None, 6, 6, 64)          0         
2018-01-16 04:43:45,562 - resultMetrics - INFO - _________________________________________________________________
2018-01-16 04:43:45,562 - resultMetrics - INFO - flatten_458 (Flatten)        (None, 2304)              0         
2018-01-16 04:43:45,562 - resultMetrics - INFO - _________________________________________________________________
2018-01-16 04:43:45,562 - resultMetrics - INFO - dense_1121 (Dense)           (None, 10)                23050     
2018-01-16 04:43:45,563 - resultMetrics - INFO - =================================================================
2018-01-16 04:43:45,563 - resultMetrics - INFO - Total params: 23,690
2018-01-16 04:43:45,563 - resultMetrics - INFO - Trainable params: 23,690
2018-01-16 04:43:45,563 - resultMetrics - INFO - Non-trainable params: 0
2018-01-16 04:43:45,563 - resultMetrics - INFO - _________________________________________________________________
2018-01-16 04:43:45,564 - resultMetrics - INFO - Fitness: 0.980731	Accuracy: 0.983100	Parameters 23690

2018-01-16 04:48:15,912 - resultMetrics - INFO - new best genes, id = 481, age = 0
2018-01-16 04:48:15,912 - resultMetrics - INFO - _________________________________________________________________
2018-01-16 04:48:15,912 - resultMetrics - INFO - Layer (type)                 Output Shape              Param #   
2018-01-16 04:48:15,913 - resultMetrics - INFO - =================================================================
2018-01-16 04:48:15,913 - resultMetrics - INFO - conv2d_724 (Conv2D)          (None, 26, 26, 64)        640       
2018-01-16 04:48:15,913 - resultMetrics - INFO - _________________________________________________________________
2018-01-16 04:48:15,913 - resultMetrics - INFO - average_pooling2d_299 (Avera (None, 13, 13, 64)        0         
2018-01-16 04:48:15,913 - resultMetrics - INFO - _________________________________________________________________
2018-01-16 04:48:15,913 - resultMetrics - INFO - conv2d_725 (Conv2D)          (None, 12, 12, 16)        4112      
2018-01-16 04:48:15,914 - resultMetrics - INFO - _________________________________________________________________
2018-01-16 04:48:15,914 - resultMetrics - INFO - average_pooling2d_300 (Avera (None, 6, 6, 16)          0         
2018-01-16 04:48:15,914 - resultMetrics - INFO - _________________________________________________________________
2018-01-16 04:48:15,914 - resultMetrics - INFO - flatten_465 (Flatten)        (None, 576)               0         
2018-01-16 04:48:15,914 - resultMetrics - INFO - _________________________________________________________________
2018-01-16 04:48:15,914 - resultMetrics - INFO - dense_1128 (Dense)           (None, 10)                5770      
2018-01-16 04:48:15,915 - resultMetrics - INFO - =================================================================
2018-01-16 04:48:15,915 - resultMetrics - INFO - Total params: 10,522
2018-01-16 04:48:15,915 - resultMetrics - INFO - Trainable params: 10,522
2018-01-16 04:48:15,915 - resultMetrics - INFO - Non-trainable params: 0
2018-01-16 04:48:15,915 - resultMetrics - INFO - _________________________________________________________________
2018-01-16 04:48:15,915 - resultMetrics - INFO - Fitness: 0.981848	Accuracy: 0.982900	Parameters 10522

2018-01-16 04:49:08,127 - resultMetrics - INFO - new best genes, id = 482, age = 0
2018-01-16 04:49:08,128 - resultMetrics - INFO - _________________________________________________________________
2018-01-16 04:49:08,128 - resultMetrics - INFO - Layer (type)                 Output Shape              Param #   
2018-01-16 04:49:08,128 - resultMetrics - INFO - =================================================================
2018-01-16 04:49:08,128 - resultMetrics - INFO - conv2d_726 (Conv2D)          (None, 26, 26, 64)        640       
2018-01-16 04:49:08,128 - resultMetrics - INFO - _________________________________________________________________
2018-01-16 04:49:08,128 - resultMetrics - INFO - average_pooling2d_301 (Avera (None, 13, 13, 64)        0         
2018-01-16 04:49:08,128 - resultMetrics - INFO - _________________________________________________________________
2018-01-16 04:49:08,129 - resultMetrics - INFO - conv2d_727 (Conv2D)          (None, 12, 12, 16)        4112      
2018-01-16 04:49:08,129 - resultMetrics - INFO - _________________________________________________________________
2018-01-16 04:49:08,129 - resultMetrics - INFO - average_pooling2d_302 (Avera (None, 6, 6, 16)          0         
2018-01-16 04:49:08,129 - resultMetrics - INFO - _________________________________________________________________
2018-01-16 04:49:08,129 - resultMetrics - INFO - flatten_466 (Flatten)        (None, 576)               0         
2018-01-16 04:49:08,129 - resultMetrics - INFO - _________________________________________________________________
2018-01-16 04:49:08,130 - resultMetrics - INFO - dense_1129 (Dense)           (None, 10)                5770      
2018-01-16 04:49:08,130 - resultMetrics - INFO - =================================================================
2018-01-16 04:49:08,130 - resultMetrics - INFO - Total params: 10,522
2018-01-16 04:49:08,130 - resultMetrics - INFO - Trainable params: 10,522
2018-01-16 04:49:08,130 - resultMetrics - INFO - Non-trainable params: 0
2018-01-16 04:49:08,131 - resultMetrics - INFO - _________________________________________________________________
2018-01-16 04:49:08,131 - resultMetrics - INFO - Fitness: 0.984748	Accuracy: 0.985800	Parameters 10522

2018-01-16 05:41:07,081 - resultMetrics - INFO - new best genes, id = 540, age = 0
2018-01-16 05:41:07,112 - resultMetrics - INFO - _________________________________________________________________
2018-01-16 05:41:07,112 - resultMetrics - INFO - Layer (type)                 Output Shape              Param #   
2018-01-16 05:41:07,112 - resultMetrics - INFO - =================================================================
2018-01-16 05:41:07,112 - resultMetrics - INFO - conv2d_819 (Conv2D)          (None, 25, 25, 16)        272       
2018-01-16 05:41:07,112 - resultMetrics - INFO - _________________________________________________________________
2018-01-16 05:41:07,113 - resultMetrics - INFO - average_pooling2d_383 (Avera (None, 12, 12, 16)        0         
2018-01-16 05:41:07,113 - resultMetrics - INFO - _________________________________________________________________
2018-01-16 05:41:07,113 - resultMetrics - INFO - conv2d_820 (Conv2D)          (None, 10, 10, 32)        4640      
2018-01-16 05:41:07,113 - resultMetrics - INFO - _________________________________________________________________
2018-01-16 05:41:07,113 - resultMetrics - INFO - average_pooling2d_384 (Avera (None, 5, 5, 32)          0         
2018-01-16 05:41:07,113 - resultMetrics - INFO - _________________________________________________________________
2018-01-16 05:41:07,113 - resultMetrics - INFO - conv2d_821 (Conv2D)          (None, 3, 3, 32)          9248      
2018-01-16 05:41:07,114 - resultMetrics - INFO - _________________________________________________________________
2018-01-16 05:41:07,114 - resultMetrics - INFO - max_pooling2d_437 (MaxPoolin (None, 1, 1, 32)          0         
2018-01-16 05:41:07,114 - resultMetrics - INFO - _________________________________________________________________
2018-01-16 05:41:07,114 - resultMetrics - INFO - flatten_517 (Flatten)        (None, 32)                0         
2018-01-16 05:41:07,114 - resultMetrics - INFO - _________________________________________________________________
2018-01-16 05:41:07,114 - resultMetrics - INFO - dense_1200 (Dense)           (None, 10)                330       
2018-01-16 05:41:07,114 - resultMetrics - INFO - =================================================================
2018-01-16 05:41:07,115 - resultMetrics - INFO - Total params: 14,490
2018-01-16 05:41:07,115 - resultMetrics - INFO - Trainable params: 14,490
2018-01-16 05:41:07,115 - resultMetrics - INFO - Non-trainable params: 0
2018-01-16 05:41:07,115 - resultMetrics - INFO - _________________________________________________________________
2018-01-16 05:41:07,115 - resultMetrics - INFO - Fitness: 0.985051	Accuracy: 0.986500	Parameters 14490

