2018-01-14 20:32:06,636 - resultMetrics - INFO - new best genes, id = 0, age = 0
2018-01-14 20:32:06,637 - resultMetrics - INFO - _________________________________________________________________
2018-01-14 20:32:06,637 - resultMetrics - INFO - Layer (type)                 Output Shape              Param #   
2018-01-14 20:32:06,637 - resultMetrics - INFO - =================================================================
2018-01-14 20:32:06,637 - resultMetrics - INFO - conv2d_1 (Conv2D)            (None, 24, 24, 64)        1664      
2018-01-14 20:32:06,637 - resultMetrics - INFO - _________________________________________________________________
2018-01-14 20:32:06,638 - resultMetrics - INFO - average_pooling2d_1 (Average (None, 8, 8, 64)          0         
2018-01-14 20:32:06,638 - resultMetrics - INFO - _________________________________________________________________
2018-01-14 20:32:06,638 - resultMetrics - INFO - conv2d_2 (Conv2D)            (None, 5, 5, 128)         131200    
2018-01-14 20:32:06,638 - resultMetrics - INFO - _________________________________________________________________
2018-01-14 20:32:06,638 - resultMetrics - INFO - max_pooling2d_1 (MaxPooling2 (None, 1, 1, 128)         0         
2018-01-14 20:32:06,639 - resultMetrics - INFO - _________________________________________________________________
2018-01-14 20:32:06,639 - resultMetrics - INFO - flatten_1 (Flatten)          (None, 128)               0         
2018-01-14 20:32:06,639 - resultMetrics - INFO - _________________________________________________________________
2018-01-14 20:32:06,639 - resultMetrics - INFO - dense_1 (Dense)              (None, 10)                1290      
2018-01-14 20:32:06,639 - resultMetrics - INFO - =================================================================
2018-01-14 20:32:06,640 - resultMetrics - INFO - Total params: 134,154
2018-01-14 20:32:06,640 - resultMetrics - INFO - Trainable params: 134,154
2018-01-14 20:32:06,640 - resultMetrics - INFO - Non-trainable params: 0
2018-01-14 20:32:06,641 - resultMetrics - INFO - _________________________________________________________________
2018-01-14 20:32:06,641 - resultMetrics - INFO - Fitness: 0.79	Accuracy: 0.8060	Parameters 134154

2018-01-14 20:32:14,534 - resultMetrics - INFO - new best genes, id = 1, age = 0
2018-01-14 20:32:14,534 - resultMetrics - INFO - _________________________________________________________________
2018-01-14 20:32:14,534 - resultMetrics - INFO - Layer (type)                 Output Shape              Param #   
2018-01-14 20:32:14,534 - resultMetrics - INFO - =================================================================
2018-01-14 20:32:14,534 - resultMetrics - INFO - conv2d_3 (Conv2D)            (None, 24, 24, 64)        1664      
2018-01-14 20:32:14,535 - resultMetrics - INFO - _________________________________________________________________
2018-01-14 20:32:14,535 - resultMetrics - INFO - average_pooling2d_2 (Average (None, 8, 8, 64)          0         
2018-01-14 20:32:14,535 - resultMetrics - INFO - _________________________________________________________________
2018-01-14 20:32:14,535 - resultMetrics - INFO - conv2d_4 (Conv2D)            (None, 5, 5, 128)         131200    
2018-01-14 20:32:14,535 - resultMetrics - INFO - _________________________________________________________________
2018-01-14 20:32:14,535 - resultMetrics - INFO - max_pooling2d_2 (MaxPooling2 (None, 1, 1, 128)         0         
2018-01-14 20:32:14,536 - resultMetrics - INFO - _________________________________________________________________
2018-01-14 20:32:14,536 - resultMetrics - INFO - flatten_2 (Flatten)          (None, 128)               0         
2018-01-14 20:32:14,536 - resultMetrics - INFO - _________________________________________________________________
2018-01-14 20:32:14,536 - resultMetrics - INFO - dense_2 (Dense)              (None, 10)                1290      
2018-01-14 20:32:14,536 - resultMetrics - INFO - =================================================================
2018-01-14 20:32:14,537 - resultMetrics - INFO - Total params: 134,154
2018-01-14 20:32:14,537 - resultMetrics - INFO - Trainable params: 134,154
2018-01-14 20:32:14,537 - resultMetrics - INFO - Non-trainable params: 0
2018-01-14 20:32:14,537 - resultMetrics - INFO - _________________________________________________________________
2018-01-14 20:32:14,537 - resultMetrics - INFO - Fitness: 0.81	Accuracy: 0.8240	Parameters 134154

2018-01-14 20:32:36,614 - resultMetrics - INFO - new best genes, id = 3, age = 0
2018-01-14 20:32:36,614 - resultMetrics - INFO - _________________________________________________________________
2018-01-14 20:32:36,615 - resultMetrics - INFO - Layer (type)                 Output Shape              Param #   
2018-01-14 20:32:36,615 - resultMetrics - INFO - =================================================================
2018-01-14 20:32:36,615 - resultMetrics - INFO - conv2d_7 (Conv2D)            (None, 24, 24, 64)        1664      
2018-01-14 20:32:36,615 - resultMetrics - INFO - _________________________________________________________________
2018-01-14 20:32:36,615 - resultMetrics - INFO - average_pooling2d_4 (Average (None, 8, 8, 64)          0         
2018-01-14 20:32:36,616 - resultMetrics - INFO - _________________________________________________________________
2018-01-14 20:32:36,616 - resultMetrics - INFO - conv2d_8 (Conv2D)            (None, 5, 5, 128)         131200    
2018-01-14 20:32:36,616 - resultMetrics - INFO - _________________________________________________________________
2018-01-14 20:32:36,616 - resultMetrics - INFO - max_pooling2d_4 (MaxPooling2 (None, 1, 1, 128)         0         
2018-01-14 20:32:36,616 - resultMetrics - INFO - _________________________________________________________________
2018-01-14 20:32:36,616 - resultMetrics - INFO - flatten_4 (Flatten)          (None, 128)               0         
2018-01-14 20:32:36,617 - resultMetrics - INFO - _________________________________________________________________
2018-01-14 20:32:36,617 - resultMetrics - INFO - dense_4 (Dense)              (None, 10)                1290      
2018-01-14 20:32:36,617 - resultMetrics - INFO - =================================================================
2018-01-14 20:32:36,618 - resultMetrics - INFO - Total params: 134,154
2018-01-14 20:32:36,618 - resultMetrics - INFO - Trainable params: 134,154
2018-01-14 20:32:36,618 - resultMetrics - INFO - Non-trainable params: 0
2018-01-14 20:32:36,618 - resultMetrics - INFO - _________________________________________________________________
2018-01-14 20:32:36,618 - resultMetrics - INFO - Fitness: 0.81	Accuracy: 0.8260	Parameters 134154

2018-01-14 20:33:17,702 - resultMetrics - INFO - new best genes, id = 7, age = 0
2018-01-14 20:33:17,702 - resultMetrics - INFO - _________________________________________________________________
2018-01-14 20:33:17,702 - resultMetrics - INFO - Layer (type)                 Output Shape              Param #   
2018-01-14 20:33:17,702 - resultMetrics - INFO - =================================================================
2018-01-14 20:33:17,702 - resultMetrics - INFO - conv2d_15 (Conv2D)           (None, 25, 25, 128)       2176      
2018-01-14 20:33:17,703 - resultMetrics - INFO - _________________________________________________________________
2018-01-14 20:33:17,703 - resultMetrics - INFO - max_pooling2d_8 (MaxPooling2 (None, 8, 8, 128)         0         
2018-01-14 20:33:17,703 - resultMetrics - INFO - _________________________________________________________________
2018-01-14 20:33:17,703 - resultMetrics - INFO - flatten_8 (Flatten)          (None, 8192)              0         
2018-01-14 20:33:17,703 - resultMetrics - INFO - _________________________________________________________________
2018-01-14 20:33:17,704 - resultMetrics - INFO - dense_8 (Dense)              (None, 10)                81930     
2018-01-14 20:33:17,704 - resultMetrics - INFO - =================================================================
2018-01-14 20:33:17,704 - resultMetrics - INFO - Total params: 84,106
2018-01-14 20:33:17,704 - resultMetrics - INFO - Trainable params: 84,106
2018-01-14 20:33:17,704 - resultMetrics - INFO - Non-trainable params: 0
2018-01-14 20:33:17,704 - resultMetrics - INFO - _________________________________________________________________
2018-01-14 20:33:17,705 - resultMetrics - INFO - Fitness: 0.91	Accuracy: 0.9160	Parameters 84106

2018-01-14 20:33:26,336 - resultMetrics - INFO - new best genes, id = 9, age = 0
2018-01-14 20:33:26,336 - resultMetrics - INFO - _________________________________________________________________
2018-01-14 20:33:26,337 - resultMetrics - INFO - Layer (type)                 Output Shape              Param #   
2018-01-14 20:33:26,337 - resultMetrics - INFO - =================================================================
2018-01-14 20:33:26,337 - resultMetrics - INFO - conv2d_16 (Conv2D)           (None, 25, 25, 128)       2176      
2018-01-14 20:33:26,337 - resultMetrics - INFO - _________________________________________________________________
2018-01-14 20:33:26,337 - resultMetrics - INFO - max_pooling2d_9 (MaxPooling2 (None, 8, 8, 128)         0         
2018-01-14 20:33:26,337 - resultMetrics - INFO - _________________________________________________________________
2018-01-14 20:33:26,337 - resultMetrics - INFO - flatten_9 (Flatten)          (None, 8192)              0         
2018-01-14 20:33:26,338 - resultMetrics - INFO - _________________________________________________________________
2018-01-14 20:33:26,338 - resultMetrics - INFO - dense_9 (Dense)              (None, 10)                81930     
2018-01-14 20:33:26,338 - resultMetrics - INFO - =================================================================
2018-01-14 20:33:26,338 - resultMetrics - INFO - Total params: 84,106
2018-01-14 20:33:26,338 - resultMetrics - INFO - Trainable params: 84,106
2018-01-14 20:33:26,338 - resultMetrics - INFO - Non-trainable params: 0
2018-01-14 20:33:26,339 - resultMetrics - INFO - _________________________________________________________________
2018-01-14 20:33:26,339 - resultMetrics - INFO - Fitness: 0.92	Accuracy: 0.9290	Parameters 84106

2018-01-14 20:37:23,796 - resultMetrics - INFO - new best genes, id = 27, age = 0
2018-01-14 20:37:23,796 - resultMetrics - INFO - _________________________________________________________________
2018-01-14 20:37:23,796 - resultMetrics - INFO - Layer (type)                 Output Shape              Param #   
2018-01-14 20:37:23,797 - resultMetrics - INFO - =================================================================
2018-01-14 20:37:23,797 - resultMetrics - INFO - conv2d_44 (Conv2D)           (None, 25, 25, 128)       2176      
2018-01-14 20:37:23,797 - resultMetrics - INFO - _________________________________________________________________
2018-01-14 20:37:23,797 - resultMetrics - INFO - average_pooling2d_27 (Averag (None, 6, 6, 128)         0         
2018-01-14 20:37:23,797 - resultMetrics - INFO - _________________________________________________________________
2018-01-14 20:37:23,798 - resultMetrics - INFO - flatten_25 (Flatten)         (None, 4608)              0         
2018-01-14 20:37:23,798 - resultMetrics - INFO - _________________________________________________________________
2018-01-14 20:37:23,798 - resultMetrics - INFO - dense_25 (Dense)             (None, 10)                46090     
2018-01-14 20:37:23,798 - resultMetrics - INFO - =================================================================
2018-01-14 20:37:23,799 - resultMetrics - INFO - Total params: 48,266
2018-01-14 20:37:23,799 - resultMetrics - INFO - Trainable params: 48,266
2018-01-14 20:37:23,799 - resultMetrics - INFO - Non-trainable params: 0
2018-01-14 20:37:23,799 - resultMetrics - INFO - _________________________________________________________________
2018-01-14 20:37:23,799 - resultMetrics - INFO - Fitness: 0.92	Accuracy: 0.9290	Parameters 48266

2018-01-14 20:38:12,888 - resultMetrics - INFO - new best genes, id = 31, age = 0
2018-01-14 20:38:12,888 - resultMetrics - INFO - _________________________________________________________________
2018-01-14 20:38:12,888 - resultMetrics - INFO - Layer (type)                 Output Shape              Param #   
2018-01-14 20:38:12,888 - resultMetrics - INFO - =================================================================
2018-01-14 20:38:12,888 - resultMetrics - INFO - conv2d_48 (Conv2D)           (None, 25, 25, 128)       2176      
2018-01-14 20:38:12,889 - resultMetrics - INFO - _________________________________________________________________
2018-01-14 20:38:12,889 - resultMetrics - INFO - average_pooling2d_30 (Averag (None, 6, 6, 128)         0         
2018-01-14 20:38:12,889 - resultMetrics - INFO - _________________________________________________________________
2018-01-14 20:38:12,889 - resultMetrics - INFO - flatten_28 (Flatten)         (None, 4608)              0         
2018-01-14 20:38:12,889 - resultMetrics - INFO - _________________________________________________________________
2018-01-14 20:38:12,890 - resultMetrics - INFO - dense_28 (Dense)             (None, 10)                46090     
2018-01-14 20:38:12,890 - resultMetrics - INFO - =================================================================
2018-01-14 20:38:12,890 - resultMetrics - INFO - Total params: 48,266
2018-01-14 20:38:12,890 - resultMetrics - INFO - Trainable params: 48,266
2018-01-14 20:38:12,890 - resultMetrics - INFO - Non-trainable params: 0
2018-01-14 20:38:12,890 - resultMetrics - INFO - _________________________________________________________________
2018-01-14 20:38:12,891 - resultMetrics - INFO - Fitness: 0.92	Accuracy: 0.9290	Parameters 48266

2018-01-14 20:38:37,525 - resultMetrics - INFO - new best genes, id = 33, age = 0
2018-01-14 20:38:37,525 - resultMetrics - INFO - _________________________________________________________________
2018-01-14 20:38:37,525 - resultMetrics - INFO - Layer (type)                 Output Shape              Param #   
2018-01-14 20:38:37,526 - resultMetrics - INFO - =================================================================
2018-01-14 20:38:37,526 - resultMetrics - INFO - conv2d_50 (Conv2D)           (None, 25, 25, 128)       2176      
2018-01-14 20:38:37,526 - resultMetrics - INFO - _________________________________________________________________
2018-01-14 20:38:37,526 - resultMetrics - INFO - average_pooling2d_32 (Averag (None, 6, 6, 128)         0         
2018-01-14 20:38:37,526 - resultMetrics - INFO - _________________________________________________________________
2018-01-14 20:38:37,527 - resultMetrics - INFO - flatten_30 (Flatten)         (None, 4608)              0         
2018-01-14 20:38:37,527 - resultMetrics - INFO - _________________________________________________________________
2018-01-14 20:38:37,527 - resultMetrics - INFO - dense_30 (Dense)             (None, 10)                46090     
2018-01-14 20:38:37,527 - resultMetrics - INFO - =================================================================
2018-01-14 20:38:37,527 - resultMetrics - INFO - Total params: 48,266
2018-01-14 20:38:37,528 - resultMetrics - INFO - Trainable params: 48,266
2018-01-14 20:38:37,528 - resultMetrics - INFO - Non-trainable params: 0
2018-01-14 20:38:37,528 - resultMetrics - INFO - _________________________________________________________________
2018-01-14 20:38:37,528 - resultMetrics - INFO - Fitness: 0.93	Accuracy: 0.9320	Parameters 48266

2018-01-14 21:00:28,078 - resultMetrics - INFO - new best genes, id = 75, age = 0
2018-01-14 21:00:28,078 - resultMetrics - INFO - _________________________________________________________________
2018-01-14 21:00:28,078 - resultMetrics - INFO - Layer (type)                 Output Shape              Param #   
2018-01-14 21:00:28,078 - resultMetrics - INFO - =================================================================
2018-01-14 21:00:28,078 - resultMetrics - INFO - conv2d_113 (Conv2D)          (None, 26, 26, 256)       2560      
2018-01-14 21:00:28,078 - resultMetrics - INFO - _________________________________________________________________
2018-01-14 21:00:28,079 - resultMetrics - INFO - max_pooling2d_41 (MaxPooling (None, 13, 13, 256)       0         
2018-01-14 21:00:28,079 - resultMetrics - INFO - _________________________________________________________________
2018-01-14 21:00:28,079 - resultMetrics - INFO - conv2d_114 (Conv2D)          (None, 12, 12, 32)        32800     
2018-01-14 21:00:28,079 - resultMetrics - INFO - _________________________________________________________________
2018-01-14 21:00:28,079 - resultMetrics - INFO - max_pooling2d_42 (MaxPooling (None, 3, 3, 32)          0         
2018-01-14 21:00:28,080 - resultMetrics - INFO - _________________________________________________________________
2018-01-14 21:00:28,080 - resultMetrics - INFO - flatten_72 (Flatten)         (None, 288)               0         
2018-01-14 21:00:28,080 - resultMetrics - INFO - _________________________________________________________________
2018-01-14 21:00:28,080 - resultMetrics - INFO - dense_172 (Dense)            (None, 128)               36992     
2018-01-14 21:00:28,080 - resultMetrics - INFO - _________________________________________________________________
2018-01-14 21:00:28,081 - resultMetrics - INFO - dropout_101 (Dropout)        (None, 128)               0         
2018-01-14 21:00:28,081 - resultMetrics - INFO - _________________________________________________________________
2018-01-14 21:00:28,081 - resultMetrics - INFO - dense_173 (Dense)            (None, 256)               33024     
2018-01-14 21:00:28,081 - resultMetrics - INFO - _________________________________________________________________
2018-01-14 21:00:28,081 - resultMetrics - INFO - dropout_102 (Dropout)        (None, 256)               0         
2018-01-14 21:00:28,081 - resultMetrics - INFO - _________________________________________________________________
2018-01-14 21:00:28,082 - resultMetrics - INFO - dense_174 (Dense)            (None, 64)                16448     
2018-01-14 21:00:28,082 - resultMetrics - INFO - _________________________________________________________________
2018-01-14 21:00:28,082 - resultMetrics - INFO - dropout_103 (Dropout)        (None, 64)                0         
2018-01-14 21:00:28,082 - resultMetrics - INFO - _________________________________________________________________
2018-01-14 21:00:28,082 - resultMetrics - INFO - dense_175 (Dense)            (None, 16)                1040      
2018-01-14 21:00:28,082 - resultMetrics - INFO - _________________________________________________________________
2018-01-14 21:00:28,083 - resultMetrics - INFO - dropout_104 (Dropout)        (None, 16)                0         
2018-01-14 21:00:28,083 - resultMetrics - INFO - _________________________________________________________________
2018-01-14 21:00:28,083 - resultMetrics - INFO - dense_176 (Dense)            (None, 10)                170       
2018-01-14 21:00:28,083 - resultMetrics - INFO - =================================================================
2018-01-14 21:00:28,084 - resultMetrics - INFO - Total params: 123,034
2018-01-14 21:00:28,084 - resultMetrics - INFO - Trainable params: 123,034
2018-01-14 21:00:28,084 - resultMetrics - INFO - Non-trainable params: 0
2018-01-14 21:00:28,084 - resultMetrics - INFO - _________________________________________________________________
2018-01-14 21:00:28,084 - resultMetrics - INFO - Fitness: 0.93	Accuracy: 0.9400	Parameters 123034

2018-01-14 21:09:44,945 - resultMetrics - INFO - new best genes, id = 93, age = 0
2018-01-14 21:09:44,945 - resultMetrics - INFO - _________________________________________________________________
2018-01-14 21:09:44,945 - resultMetrics - INFO - Layer (type)                 Output Shape              Param #   
2018-01-14 21:09:44,946 - resultMetrics - INFO - =================================================================
2018-01-14 21:09:44,946 - resultMetrics - INFO - conv2d_131 (Conv2D)          (None, 27, 27, 32)        160       
2018-01-14 21:09:44,946 - resultMetrics - INFO - _________________________________________________________________
2018-01-14 21:09:44,946 - resultMetrics - INFO - max_pooling2d_58 (MaxPooling (None, 9, 9, 32)          0         
2018-01-14 21:09:44,946 - resultMetrics - INFO - _________________________________________________________________
2018-01-14 21:09:44,946 - resultMetrics - INFO - flatten_88 (Flatten)         (None, 2592)              0         
2018-01-14 21:09:44,947 - resultMetrics - INFO - _________________________________________________________________
2018-01-14 21:09:44,947 - resultMetrics - INFO - dense_224 (Dense)            (None, 10)                25930     
2018-01-14 21:09:44,947 - resultMetrics - INFO - =================================================================
2018-01-14 21:09:44,947 - resultMetrics - INFO - Total params: 26,090
2018-01-14 21:09:44,947 - resultMetrics - INFO - Trainable params: 26,090
2018-01-14 21:09:44,948 - resultMetrics - INFO - Non-trainable params: 0
2018-01-14 21:09:44,948 - resultMetrics - INFO - _________________________________________________________________
2018-01-14 21:09:44,948 - resultMetrics - INFO - Fitness: 0.93	Accuracy: 0.9310	Parameters 26090

2018-01-14 22:19:19,706 - resultMetrics - INFO - new best genes, id = 246, age = 0
2018-01-14 22:19:19,706 - resultMetrics - INFO - _________________________________________________________________
2018-01-14 22:19:19,706 - resultMetrics - INFO - Layer (type)                 Output Shape              Param #   
2018-01-14 22:19:19,706 - resultMetrics - INFO - =================================================================
2018-01-14 22:19:19,707 - resultMetrics - INFO - conv2d_357 (Conv2D)          (None, 24, 24, 64)        1664      
2018-01-14 22:19:19,707 - resultMetrics - INFO - _________________________________________________________________
2018-01-14 22:19:19,707 - resultMetrics - INFO - max_pooling2d_185 (MaxPoolin (None, 12, 12, 64)        0         
2018-01-14 22:19:19,707 - resultMetrics - INFO - _________________________________________________________________
2018-01-14 22:19:19,708 - resultMetrics - INFO - flatten_235 (Flatten)        (None, 9216)              0         
2018-01-14 22:19:19,708 - resultMetrics - INFO - _________________________________________________________________
2018-01-14 22:19:19,708 - resultMetrics - INFO - dense_499 (Dense)            (None, 10)                92170     
2018-01-14 22:19:19,708 - resultMetrics - INFO - =================================================================
2018-01-14 22:19:19,709 - resultMetrics - INFO - Total params: 93,834
2018-01-14 22:19:19,709 - resultMetrics - INFO - Trainable params: 93,834
2018-01-14 22:19:19,709 - resultMetrics - INFO - Non-trainable params: 0
2018-01-14 22:19:19,709 - resultMetrics - INFO - _________________________________________________________________
2018-01-14 22:19:19,709 - resultMetrics - INFO - Fitness: 0.93	Accuracy: 0.9430	Parameters 93834

2018-01-14 22:41:04,073 - resultMetrics - INFO - new best genes, id = 302, age = 0
2018-01-14 22:41:04,073 - resultMetrics - INFO - _________________________________________________________________
2018-01-14 22:41:04,073 - resultMetrics - INFO - Layer (type)                 Output Shape              Param #   
2018-01-14 22:41:04,073 - resultMetrics - INFO - =================================================================
2018-01-14 22:41:04,073 - resultMetrics - INFO - conv2d_435 (Conv2D)          (None, 24, 24, 64)        1664      
2018-01-14 22:41:04,074 - resultMetrics - INFO - _________________________________________________________________
2018-01-14 22:41:04,074 - resultMetrics - INFO - max_pooling2d_233 (MaxPoolin (None, 6, 6, 64)          0         
2018-01-14 22:41:04,074 - resultMetrics - INFO - _________________________________________________________________
2018-01-14 22:41:04,074 - resultMetrics - INFO - flatten_289 (Flatten)        (None, 2304)              0         
2018-01-14 22:41:04,074 - resultMetrics - INFO - _________________________________________________________________
2018-01-14 22:41:04,074 - resultMetrics - INFO - dense_575 (Dense)            (None, 10)                23050     
2018-01-14 22:41:04,075 - resultMetrics - INFO - =================================================================
2018-01-14 22:41:04,075 - resultMetrics - INFO - Total params: 24,714
2018-01-14 22:41:04,075 - resultMetrics - INFO - Trainable params: 24,714
2018-01-14 22:41:04,075 - resultMetrics - INFO - Non-trainable params: 0
2018-01-14 22:41:04,075 - resultMetrics - INFO - _________________________________________________________________
2018-01-14 22:41:04,076 - resultMetrics - INFO - Fitness: 0.94	Accuracy: 0.9390	Parameters 24714

2018-01-15 04:23:19,998 - resultMetrics - INFO - new best genes, id = 776, age = 0
2018-01-15 04:23:19,998 - resultMetrics - INFO - _________________________________________________________________
2018-01-15 04:23:19,999 - resultMetrics - INFO - Layer (type)                 Output Shape              Param #   
2018-01-15 04:23:19,999 - resultMetrics - INFO - =================================================================
2018-01-15 04:23:19,999 - resultMetrics - INFO - conv2d_1114 (Conv2D)         (None, 24, 24, 16)        416       
2018-01-15 04:23:19,999 - resultMetrics - INFO - _________________________________________________________________
2018-01-15 04:23:19,999 - resultMetrics - INFO - max_pooling2d_559 (MaxPoolin (None, 8, 8, 16)          0         
2018-01-15 04:23:19,999 - resultMetrics - INFO - _________________________________________________________________
2018-01-15 04:23:19,999 - resultMetrics - INFO - flatten_726 (Flatten)        (None, 1024)              0         
2018-01-15 04:23:20,000 - resultMetrics - INFO - _________________________________________________________________
2018-01-15 04:23:20,000 - resultMetrics - INFO - dense_1490 (Dense)           (None, 10)                10250     
2018-01-15 04:23:20,000 - resultMetrics - INFO - =================================================================
2018-01-15 04:23:20,000 - resultMetrics - INFO - Total params: 10,666
2018-01-15 04:23:20,000 - resultMetrics - INFO - Trainable params: 10,666
2018-01-15 04:23:20,001 - resultMetrics - INFO - Non-trainable params: 0
2018-01-15 04:23:20,001 - resultMetrics - INFO - _________________________________________________________________
2018-01-15 04:23:20,001 - resultMetrics - INFO - Fitness: 0.94	Accuracy: 0.9410	Parameters 10666

